2025-07-26 16:52:06 ERROR [app] Error: EPIPE: broken pipe, write
    at Socket._write (node:internal/net:63:18)
    at writeOrBuffer (node:internal/streams/writable:572:12)
    at _write (node:internal/streams/writable:501:10)
    at Writable.write (node:internal/streams/writable:510:10)
    at Console.log (C:\proyectos\cedears-manager\node_modules\winston\lib\winston\transports\console.js:87:23)
    at Console._write (C:\proyectos\cedears-manager\node_modules\winston-transport\modern.js:103:17)
    at doWrite (C:\proyectos\cedears-manager\node_modules\readable-stream\lib\_stream_writable.js:390:139)
    at writeOrBuffer (C:\proyectos\cedears-manager\node_modules\readable-stream\lib\_stream_writable.js:381:5)
    at Writable.write (C:\proyectos\cedears-manager\node_modules\readable-stream\lib\_stream_writable.js:302:11)
    at DerivedLogger.ondata (C:\proyectos\cedears-manager\node_modules\readable-stream\lib\_stream_readable.js:629:20)
2025-07-26 16:52:06 ERROR [error-handler] Error: EPIPE: broken pipe, write
    at Socket._write (node:internal/net:63:18)
    at writeOrBuffer (node:internal/streams/writable:572:12)
    at _write (node:internal/streams/writable:501:10)
    at Writable.write (node:internal/streams/writable:510:10)
    at Console.log (C:\proyectos\cedears-manager\node_modules\winston\lib\winston\transports\console.js:87:23)
    at Console._write (C:\proyectos\cedears-manager\node_modules\winston-transport\modern.js:103:17)
    at doWrite (C:\proyectos\cedears-manager\node_modules\readable-stream\lib\_stream_writable.js:390:139)
    at writeOrBuffer (C:\proyectos\cedears-manager\node_modules\readable-stream\lib\_stream_writable.js:381:5)
    at Writable.write (C:\proyectos\cedears-manager\node_modules\readable-stream\lib\_stream_writable.js:302:11)
    at DerivedLogger.ondata (C:\proyectos\cedears-manager\node_modules\readable-stream\lib\_stream_readable.js:629:20)
2025-07-26 16:52:06 ERROR [server] Error: EPIPE: broken pipe, write
    at Socket._write (node:internal/net:63:18)
    at writeOrBuffer (node:internal/streams/writable:572:12)
    at _write (node:internal/streams/writable:501:10)
    at Writable.write (node:internal/streams/writable:510:10)
    at Console.log (C:\proyectos\cedears-manager\node_modules\winston\lib\winston\transports\console.js:87:23)
    at Console._write (C:\proyectos\cedears-manager\node_modules\winston-transport\modern.js:103:17)
    at doWrite (C:\proyectos\cedears-manager\node_modules\readable-stream\lib\_stream_writable.js:390:139)
    at writeOrBuffer (C:\proyectos\cedears-manager\node_modules\readable-stream\lib\_stream_writable.js:381:5)
    at Writable.write (C:\proyectos\cedears-manager\node_modules\readable-stream\lib\_stream_writable.js:302:11)
    at DerivedLogger.ondata (C:\proyectos\cedears-manager\node_modules\readable-stream\lib\_stream_readable.js:629:20)
